/*C4*/SET SCHEMA PUBLIC
CONNECT USER SA
/*C5*/SET SCHEMA PUBLIC
CONNECT USER SA
/*C6*/SET SCHEMA PUBLIC
CONNECT USER SA
/*C4*/alter table c_user drop constraint FKAE616A272BA8A60E
drop table c_address if exists
drop table c_user if exists
create table c_address (c_id bigint generated by default as identity (start with 1), c_create timestamp, c_update timestamp, OPTLOCK integer, msn varchar(20), phone varchar(20), qq varchar(20), primary key (c_id))
create table c_user (c_id bigint generated by default as identity (start with 1), c_create timestamp, c_update timestamp, OPTLOCK integer, email varchar(20) not null, u_intro longvarchar, c_name varchar(20) not null, c_passwd varchar(20) not null, u_salary double, address_id bigint, primary key (c_id))
alter table c_user add constraint FKAE616A272BA8A60E foreign key (address_id) references c_address
SET AUTOCOMMIT FALSE
INSERT INTO C_ADDRESS VALUES(1,'2008-07-25 16:08:22.571000000','2008-07-25 16:08:22.571000000',0,'msn@msn.com',NULL,'123456')
INSERT INTO C_USER VALUES(1,'2008-07-25 16:08:22.571000000','2008-07-25 16:08:22.571000000',0,'my@my.com',NULL,'\u5965\u8fd00','test',NULL,1)
INSERT INTO C_ADDRESS VALUES(2,'2008-07-25 16:08:22.942000000','2008-07-25 16:08:22.942000000',0,'msn@msn.com',NULL,'123456')
INSERT INTO C_USER VALUES(2,'2008-07-25 16:08:22.942000000','2008-07-25 16:08:22.942000000',0,'my@my.com',NULL,'\u5965\u8fd01','test',NULL,2)
INSERT INTO C_ADDRESS VALUES(3,'2008-07-25 16:08:22.952000000','2008-07-25 16:08:22.952000000',0,'msn@msn.com',NULL,'123456')
INSERT INTO C_USER VALUES(3,'2008-07-25 16:08:22.952000000','2008-07-25 16:08:22.952000000',0,'my@my.com',NULL,'\u5965\u8fd02','test',NULL,3)
INSERT INTO C_ADDRESS VALUES(4,'2008-07-25 16:08:23.142000000','2008-07-25 16:08:23.142000000',0,'msn@msn.com',NULL,'123456')
INSERT INTO C_USER VALUES(4,'2008-07-25 16:08:23.142000000','2008-07-25 16:08:23.142000000',0,'my@my.com',NULL,'\u5965\u8fd03','test',NULL,4)
INSERT INTO C_ADDRESS VALUES(5,'2008-07-25 16:08:23.232000000','2008-07-25 16:08:23.232000000',0,'msn@msn.com',NULL,'123456')
INSERT INTO C_USER VALUES(5,'2008-07-25 16:08:23.232000000','2008-07-25 16:08:23.232000000',0,'my@my.com',NULL,'\u5965\u8fd04','test',NULL,5)
INSERT INTO C_ADDRESS VALUES(6,'2008-07-25 16:08:23.272000000','2008-07-25 16:08:23.272000000',0,'msn@msn.com',NULL,'123456')
INSERT INTO C_USER VALUES(6,'2008-07-25 16:08:23.272000000','2008-07-25 16:08:23.272000000',0,'my@my.com',NULL,'\u5965\u8fd05','test',NULL,6)
INSERT INTO C_ADDRESS VALUES(7,'2008-07-25 16:08:23.503000000','2008-07-25 16:08:23.503000000',0,'msn@msn.com',NULL,'123456')
INSERT INTO C_USER VALUES(7,'2008-07-25 16:08:23.503000000','2008-07-25 16:08:23.503000000',0,'my@my.com',NULL,'\u5965\u8fd06','test',NULL,7)
INSERT INTO C_ADDRESS VALUES(8,'2008-07-25 16:08:23.613000000','2008-07-25 16:08:23.613000000',0,'msn@msn.com',NULL,'123456')
INSERT INTO C_USER VALUES(8,'2008-07-25 16:08:23.613000000','2008-07-25 16:08:23.613000000',0,'my@my.com',NULL,'\u5965\u8fd07','test',NULL,8)
INSERT INTO C_ADDRESS VALUES(9,'2008-07-25 16:08:23.733000000','2008-07-25 16:08:23.733000000',0,'msn@msn.com',NULL,'123456')
INSERT INTO C_USER VALUES(9,'2008-07-25 16:08:23.733000000','2008-07-25 16:08:23.733000000',0,'my@my.com',NULL,'\u5965\u8fd08','test',NULL,9)
INSERT INTO C_ADDRESS VALUES(10,'2008-07-25 16:08:23.763000000','2008-07-25 16:08:23.763000000',0,'msn@msn.com',NULL,'123456')
INSERT INTO C_USER VALUES(10,'2008-07-25 16:08:23.763000000','2008-07-25 16:08:23.763000000',0,'my@my.com',NULL,'\u5965\u8fd09','test',NULL,10)
INSERT INTO C_ADDRESS VALUES(11,'2008-07-25 16:08:23.773000000','2008-07-25 16:08:23.773000000',0,'msn@msn.com',NULL,'123456')
INSERT INTO C_USER VALUES(11,'2008-07-25 16:08:23.773000000','2008-07-25 16:08:23.773000000',0,'my@my.com',NULL,'\u5965\u8fd010','test',NULL,11)
INSERT INTO C_ADDRESS VALUES(12,'2008-07-25 16:08:23.803000000','2008-07-25 16:08:23.803000000',0,'msn@msn.com',NULL,'123456')
INSERT INTO C_USER VALUES(12,'2008-07-25 16:08:23.803000000','2008-07-25 16:08:23.803000000',0,'my@my.com',NULL,'\u5965\u8fd011','test',NULL,12)
INSERT INTO C_ADDRESS VALUES(13,'2008-07-25 16:08:23.813000000','2008-07-25 16:08:23.813000000',0,'msn@msn.com',NULL,'123456')
INSERT INTO C_USER VALUES(13,'2008-07-25 16:08:23.813000000','2008-07-25 16:08:23.813000000',0,'my@my.com',NULL,'\u5965\u8fd012','test',NULL,13)
INSERT INTO C_ADDRESS VALUES(14,'2008-07-25 16:08:24.23000000','2008-07-25 16:08:24.23000000',0,'msn@msn.com',NULL,'123456')
INSERT INTO C_USER VALUES(14,'2008-07-25 16:08:24.23000000','2008-07-25 16:08:24.23000000',0,'my@my.com',NULL,'\u5965\u8fd013','test',NULL,14)
INSERT INTO C_ADDRESS VALUES(15,'2008-07-25 16:08:24.33000000','2008-07-25 16:08:24.33000000',0,'msn@msn.com',NULL,'123456')
INSERT INTO C_USER VALUES(15,'2008-07-25 16:08:24.33000000','2008-07-25 16:08:24.33000000',0,'my@my.com',NULL,'\u5965\u8fd014','test',NULL,15)
INSERT INTO C_ADDRESS VALUES(16,'2008-07-25 16:08:24.274000000','2008-07-25 16:08:24.274000000',0,'msn@msn.com',NULL,'123456')
INSERT INTO C_USER VALUES(16,'2008-07-25 16:08:24.274000000','2008-07-25 16:08:24.274000000',0,'my@my.com',NULL,'\u5965\u8fd015','test',NULL,16)
INSERT INTO C_ADDRESS VALUES(17,'2008-07-25 16:08:24.284000000','2008-07-25 16:08:24.284000000',0,'msn@msn.com',NULL,'123456')
INSERT INTO C_USER VALUES(17,'2008-07-25 16:08:24.284000000','2008-07-25 16:08:24.284000000',0,'my@my.com',NULL,'\u5965\u8fd016','test',NULL,17)
INSERT INTO C_ADDRESS VALUES(18,'2008-07-25 16:08:24.494000000','2008-07-25 16:08:24.494000000',0,'msn@msn.com',NULL,'123456')
INSERT INTO C_USER VALUES(18,'2008-07-25 16:08:24.494000000','2008-07-25 16:08:24.494000000',0,'my@my.com',NULL,'\u5965\u8fd017','test',NULL,18)
INSERT INTO C_ADDRESS VALUES(19,'2008-07-25 16:08:24.504000000','2008-07-25 16:08:24.504000000',0,'msn@msn.com',NULL,'123456')
INSERT INTO C_USER VALUES(19,'2008-07-25 16:08:24.504000000','2008-07-25 16:08:24.504000000',0,'my@my.com',NULL,'\u5965\u8fd018','test',NULL,19)
INSERT INTO C_ADDRESS VALUES(20,'2008-07-25 16:08:24.724000000','2008-07-25 16:08:24.724000000',0,'msn@msn.com',NULL,'123456')
INSERT INTO C_USER VALUES(20,'2008-07-25 16:08:24.724000000','2008-07-25 16:08:24.724000000',0,'my@my.com',NULL,'\u5965\u8fd019','test',NULL,20)
DELETE FROM C_USER WHERE C_ID=10
DELETE FROM C_USER WHERE C_ID=8
DELETE FROM C_USER WHERE C_ID=11
DELETE FROM C_USER WHERE C_ID=9
DELETE FROM C_USER WHERE C_ID=5
DELETE FROM C_USER WHERE C_ID=14
DELETE FROM C_USER WHERE C_ID=13
DELETE FROM C_USER WHERE C_ID=7
DELETE FROM C_USER WHERE C_ID=12
DELETE FROM C_USER WHERE C_ID=6
ROLLBACK
SET AUTOCOMMIT TRUE
SET AUTOCOMMIT FALSE
INSERT INTO C_ADDRESS VALUES(21,'2008-07-25 16:08:27.58000000','2008-07-25 16:08:27.58000000',0,'msn@msn.com',NULL,'123456')
INSERT INTO C_USER VALUES(21,'2008-07-25 16:08:27.58000000','2008-07-25 16:08:27.58000000',0,'my@my.com',NULL,'\u5965\u8fd00','test',NULL,21)
INSERT INTO C_ADDRESS VALUES(22,'2008-07-25 16:08:27.178000000','2008-07-25 16:08:27.178000000',0,'msn@msn.com',NULL,'123456')
INSERT INTO C_USER VALUES(22,'2008-07-25 16:08:27.178000000','2008-07-25 16:08:27.178000000',0,'my@my.com',NULL,'\u5965\u8fd01','test',NULL,22)
INSERT INTO C_ADDRESS VALUES(23,'2008-07-25 16:08:27.278000000','2008-07-25 16:08:27.278000000',0,'msn@msn.com',NULL,'123456')
INSERT INTO C_USER VALUES(23,'2008-07-25 16:08:27.278000000','2008-07-25 16:08:27.278000000',0,'my@my.com',NULL,'\u5965\u8fd02','test',NULL,23)
INSERT INTO C_ADDRESS VALUES(24,'2008-07-25 16:08:27.288000000','2008-07-25 16:08:27.288000000',0,'msn@msn.com',NULL,'123456')
INSERT INTO C_USER VALUES(24,'2008-07-25 16:08:27.288000000','2008-07-25 16:08:27.288000000',0,'my@my.com',NULL,'\u5965\u8fd03','test',NULL,24)
INSERT INTO C_ADDRESS VALUES(25,'2008-07-25 16:08:27.298000000','2008-07-25 16:08:27.298000000',0,'msn@msn.com',NULL,'123456')
INSERT INTO C_USER VALUES(25,'2008-07-25 16:08:27.298000000','2008-07-25 16:08:27.298000000',0,'my@my.com',NULL,'\u5965\u8fd04','test',NULL,25)
